Arguments: 
  C:\Users\dirag\AppData\Local\nvs\node\16.14.2\x64\node.exe C:\Program Files (x86)\Yarn\bin\yarn.js add d3-selection d3-transition d3-shape

PATH: 
  C:\Users\dirag\AppData\Local\nvs\node\16.14.2\x64;C:\Program Files (x86)\Common Files\Oracle\Java\javapath;C:\Python311\Scripts\;C:\Python311\;C:\tools\ruby31\bin;C:\Program Files (x86)\Common Files\Intel\Shared Libraries\redist\intel64\compiler;C:\WINDOWS\system32;C:\WINDOWS;C:\WINDOWS\System32\Wbem;C:\WINDOWS\System32\WindowsPowerShell\v1.0\;C:\WINDOWS\System32\OpenSSH\;C:\ProgramData\chocolatey\bin;C:\Program Files (x86)\Yarn\bin\;C:\Users\dirag\projects\;C:\MinGW\bin;C:\Program Files (x86)\Google\Cloud SDK\google-cloud-sdk\bin;C:\Users\dirag\projects\youtube-dl;C:\Program Files (x86)\Google\Chrome\Application;C:\Program Files\PuTTY\;C:\Users\dirag\Downloads\installers\ngrok-stable-windows-amd64 (1);C:\Program Files\VideoLAN\VLC;C:\Program Files\7-Zip;C:\Users\dirag\Downloads\installers\lz4_win64_v1_9_2;C:\Program Files\Go\bin;C:\Program Files\Git\cmd;C:\Users\dirag\Downloads\socketsniff;C:\Program Files (x86)\dotnet\;C:\Program Files (x86)\Bluetooth Command Line Tools\bin;C:\Users\dirag\AppData\Local\Pub\Cache\bin;C:\ProgramData\Anaconda3\Scripts;C:\Program Files\Cloudflare\Cloudflare WARP\;C:\Users\dirag\AppData\Local\Microsoft\WindowsApps;C:\Users\dirag\go\bin;C:\Users\dirag\AppData\Local\Programs\Microsoft VS Code\bin;C:\Program Files\JetBrains\IntelliJ IDEA Community Edition 2020.2\bin;C:\Users\dirag\AppData\Local\Yarn\bin;C:\Program Files\JetBrains\PyCharm Community Edition 2020.2\bin;C:\Users\dirag\AppData\Local\Programs\hyper\resources\bin;C:\Users\dirag\AppData\Local\GitHubDesktop\bin;C:\Program Files\heroku\bin;C:\Users\dirag\AppData\Local\Microsoft\WindowsApps;C:\Users\dirag\go\bin;C:\Users\dirag\AppData\Local\nvs\;C:\ProgramData\chocolatey\lib\mingw\tools\install\mingw64\bin;C:\tools\msys64;C:\tools\dart-sdk\bin;C:\Users\dirag\AppData\Roaming\Pub\Cache\bin;C:\tools\flutter\bin;C:\bin\jdk-20_windows-x64_bin\jdk-20.0.2\bin;

Yarn version: 
  1.22.4

Node version: 
  16.14.2

Platform: 
  win32 x64

Trace: 
  Error: EPERM: operation not permitted, unlink 'C:\Users\dirag\nuprojects\solid-jessy\node_modules\esbuild-windows-64\esbuild.exe'

npm manifest: 
  {
    "name": "vite-template-solid",
    "version": "0.0.0",
    "description": "",
    "scripts": {
      "start": "vite",
      "dev": "vite",
      "build": "vite build",
      "serve": "vite preview"
    },
    "license": "MIT",
    "devDependencies": {
      "@types/uuid": "^9.0.0",
      "typescript": "^4.8.2",
      "vite": "^3.0.9",
      "vite-plugin-solid": "^2.3.0"
    },
    "dependencies": {
      "@thisbeyond/solid-dnd": "^0.7.3",
      "fuzzy": "^0.1.3",
      "sleep-promise": "^9.1.0",
      "solid-custom-scrollbars": "^0.1.7",
      "solid-icons": "^1.0.4",
      "solid-js": "^1.5.1",
      "solid-styled-components": "^0.28.5",
      "uuid": "^9.0.0"
    }
  }

yarn manifest: 
  No manifest

Lockfile: 
  No lockfile
